[35m[Appium][39m Welcome to Appium v1.8.1
[35m[Appium][39m Non-default server args:
[35m[Appium][39m   port: 51258
[35m[Appium][39m   loglevel: info
[35m[Appium][39m   chromeDriverPort: 51259
[35m[Appium][39m   tmpDir: C:\Users\USER\AppData\Local\Temp\\Katalon\Appium\Temp1568198383313
[35m[Appium][39m Appium REST http interface listener started on 0.0.0.0:51258
[35m[HTTP][39m [37m-->[39m [37mGET[39m [37m/wd/hub/status[39m
[35m[HTTP][39m [90m{}[39m
[35m[HTTP][39m [37m<-- GET /wd/hub/status [39m[32m200[39m [90m7 ms - 83[39m
[35m[HTTP][39m [90m[39m
[35m[HTTP][39m [37m-->[39m [37mGET[39m [37m/wd/hub/status[39m
[35m[HTTP][39m [90m{}[39m
[35m[HTTP][39m [37m<-- GET /wd/hub/status [39m[32m200[39m [90m3 ms - 83[39m
[35m[HTTP][39m [90m[39m
[35m[HTTP][39m [37m-->[39m [37mPOST[39m [37m/wd/hub/session[39m
[35m[HTTP][39m [90m{"desiredCapabilities":{"app":"C:\\Users\\USER\\Downloads\\app-universal-release.apk","noReset":true,"appWaitActivity":"*","deviceId":"f8c9a71","deviceName":"Xiaomi Redmi 7 (Android 9)","fullReset":false,"platform":"ANDROID","newCommandTimeout":1800,"platformVersion":"9","automationName":"uiautomator2","autoGrantPermissions":true,"platformName":"Android","udid":"f8c9a71"},"capabilities":{"firstMatch":[{"appium:app":"C:\\Users\\USER\\Downloads\\app-universal-release.apk","appium:appWaitActivity":"*","appium:autoGrantPermissions":true,"appium:automationName":"uiautomator2","deviceId":"f8c9a71","appium:deviceName":"Xiaomi Redmi 7 (Android 9)","appium:fullReset":false,"appium:newCommandTimeout":1800,"appium:noReset":true,"platform":"ANDROID","platformName":"android","appium:platformVersion":"9","appium:udid":"f8c9a71"}]}}[39m
[35m[BaseDriver][39m The capabilities ["deviceId","platform"] are not standard capabilities and should have an extension prefix
[35m[Appium][39m Creating new AndroidUiautomator2Driver (v1.12.0) session
[35m[Appium][39m Capabilities:
[35m[Appium][39m   deviceId: f8c9a71
[35m[Appium][39m   platform: ANDROID
[35m[Appium][39m   platformName: android
[35m[Appium][39m   app: C:\Users\USER\Downloads\app-universal-release.apk
[35m[Appium][39m   appWaitActivity: *
[35m[Appium][39m   autoGrantPermissions: true
[35m[Appium][39m   automationName: uiautomator2
[35m[Appium][39m   deviceName: Xiaomi Redmi 7 (Android 9)
[35m[Appium][39m   fullReset: false
[35m[Appium][39m   newCommandTimeout: 1800
[35m[Appium][39m   noReset: true
[35m[Appium][39m   platformVersion: 9
[35m[Appium][39m   udid: f8c9a71
[35m[BaseDriver][39m The following capabilities were provided, but are not recognized by appium: deviceId, platform.
[35m[BaseDriver][39m Session created with session id: de014aa1-bbd2-43bf-9b7e-be7c836b0980
[35m[BaseDriver][39m Using local app 'C:\Users\USER\Downloads\app-universal-release.apk'
[35m[AndroidDriver][39m Java version is: 1.8.0_181
[35m[ADB][39m Checking whether adb is present
[35m[ADB][39m Found 1 'build-tools' folders under 'C:\Users\USER\.katalon\tools\android_sdk' (newest first):
[35m[ADB][39m     C:/Users/USER/.katalon/tools/android_sdk/build-tools/29.0.2
[35m[ADB][39m Using adb.exe from C:\Users\USER\.katalon\tools\android_sdk\platform-tools\adb.exe
[35m[AndroidDriver][39m Retrieving device list
[35m[AndroidDriver][39m Using device: f8c9a71
[35m[ADB][39m Using the alternative activity name detection method because of: Could not find apkanalyzer.bat in C:\Users\USER\.katalon\tools\android_sdk\platform-tools\apkanalyzer.bat,C:\Users\USER\.katalon\tools\android_sdk\emulator\apkanalyzer.bat,C:\Users\USER\.katalon\tools\android_sdk\tools\apkanalyzer.bat,C:\Users\USER\.katalon\tools\android_sdk\tools\bin\apkanalyzer.bat,C:\Users\USER\.katalon\tools\android_sdk\build-tools\29.0.2\apkanalyzer.bat. Do you have the Android SDK installed at 'C:\Users\USER\.katalon\tools\android_sdk'?
[35m[ADB][39m Checking whether aapt is present
[35m[ADB][39m Using aapt.exe from C:\Users\USER\.katalon\tools\android_sdk\build-tools\29.0.2\aapt.exe
[35m[ADB][39m Extracting package and launch activity from manifest
[35m[ADB][39m Package name: 'id.kode.app'
[35m[ADB][39m Main activity name: 'id.kode.app.SplashActivity'
[35m[ADB][39m Getting device platform version
[35m[ADB][39m Using apksigner.bat from C:\Users\USER\.katalon\tools\android_sdk\build-tools\29.0.2\apksigner.bat
[35m[ADB][39m Checking whether zipalign is present
[35m[ADB][39m Using zipalign.exe from C:\Users\USER\.katalon\tools\android_sdk\build-tools\29.0.2\zipalign.exe
[35m[ADB][39m io.appium.uiautomator2.server was not uninstalled, because it was not present on the device
[35m[ADB][39m io.appium.uiautomator2.server.test was not uninstalled, because it was not present on the device
[35m[AndroidDriver][39m setDeviceLanguageCountry requires language or country.
[35m[AndroidDriver][39m Got language: 'null' and country: 'null'
[35m[ADB][39m Successfully extracted 170 strings from 'C:\Users\USER\Downloads\app-universal-release.apk' resources for '(default)' configuration
[35m[UiAutomator2][39m Starting uiautomator2 server 1.12.0
[35m[UiAutomator2][39m Using UIAutomator2 server from 'C:\Users\USER\AppData\Roaming\npm\node_modules\appium\node_modules\appium-uiautomator2-server\apks\appium-uiautomator2-server-v1.12.0.apk' and test from 'C:\Users\USER\AppData\Roaming\npm\node_modules\appium\node_modules\appium-uiautomator2-server\apks\appium-uiautomator2-server-debug-androidTest.apk'
[35m[UiAutomator2][39m Running command: 'adb -s f8c9a71 shell am instrument -w io.appium.uiautomator2.server.test/android.support.test.runner.AndroidJUnitRunner'
[35m[UiAutomator2][39m Waiting up to 20000ms for UiAutomator2 to be online...
[35m[AndroidDriver][39m Screen already unlocked, doing nothing
[35m[UiAutomator2][39m UiAutomator2 did not start the activity we were waiting for, 'id.kode.app/*'. Starting it ourselves
[35m[Appium][39m New AndroidUiautomator2Driver session created successfully, session de014aa1-bbd2-43bf-9b7e-be7c836b0980 added to master session list
[35m[HTTP][39m [37m<-- POST /wd/hub/session [39m[32m200[39m [90m36353 ms - 1222[39m
[35m[HTTP][39m [90m[39m
[35m[HTTP][39m [37m-->[39m [37mGET[39m [37m/wd/hub/session/de014aa1-bbd2-43bf-9b7e-be7c836b0980[39m
[35m[HTTP][39m [90m{}[39m
[35m[HTTP][39m [37m<-- GET /wd/hub/session/de014aa1-bbd2-43bf-9b7e-be7c836b0980 [39m[32m200[39m [90m35 ms - 1154[39m
[35m[HTTP][39m [90m[39m
[35m[HTTP][39m [37m-->[39m [37mGET[39m [37m/wd/hub/session/de014aa1-bbd2-43bf-9b7e-be7c836b0980[39m
[35m[HTTP][39m [90m{}[39m
[35m[HTTP][39m [37m<-- GET /wd/hub/session/de014aa1-bbd2-43bf-9b7e-be7c836b0980 [39m[32m200[39m [90m29 ms - 1154[39m
[35m[HTTP][39m [90m[39m
[35m[HTTP][39m [37m-->[39m [37mGET[39m [37m/wd/hub/status[39m
[35m[HTTP][39m [90m{}[39m
[35m[HTTP][39m [37m<-- GET /wd/hub/status [39m[32m200[39m [90m2 ms - 55[39m
[35m[HTTP][39m [90m[39m
[35m[HTTP][39m [37m-->[39m [37mPOST[39m [37m/wd/hub/session/de014aa1-bbd2-43bf-9b7e-be7c836b0980/timeouts[39m
[35m[HTTP][39m [90m{"implicit":60000}[39m
[35m[HTTP][39m [37m<-- POST /wd/hub/session/de014aa1-bbd2-43bf-9b7e-be7c836b0980/timeouts [39m[32m200[39m [90m4 ms - 14[39m
[35m[HTTP][39m [90m[39m
[35m[HTTP][39m [37m-->[39m [37mGET[39m [37m/wd/hub/session/de014aa1-bbd2-43bf-9b7e-be7c836b0980/source[39m
[35m[HTTP][39m [90m{}[39m
[35m[W3C][39m Driver proxy active, passing request on via HTTP proxy
[35m[JSONWP Proxy][39m Replacing sessionId b60403aa-b998-45e1-a2bf-d0b6f5261238 with de014aa1-bbd2-43bf-9b7e-be7c836b0980
[35m[HTTP][39m [37m<-- GET /wd/hub/session/de014aa1-bbd2-43bf-9b7e-be7c836b0980/source [39m[32m200[39m [90m184 ms - 2668[39m
[35m[HTTP][39m [90m[39m
[35m[HTTP][39m [37m-->[39m [37mGET[39m [37m/wd/hub/session/de014aa1-bbd2-43bf-9b7e-be7c836b0980/screenshot[39m
[35m[HTTP][39m [90m{}[39m
[35m[HTTP][39m [37m<-- GET /wd/hub/session/de014aa1-bbd2-43bf-9b7e-be7c836b0980/screenshot [39m[32m200[39m [90m480 ms - 20584[39m
[35m[HTTP][39m [90m[39m
[35m[HTTP][39m [37m-->[39m [37mGET[39m [37m/wd/hub/session/de014aa1-bbd2-43bf-9b7e-be7c836b0980/source[39m
[35m[HTTP][39m [90m{}[39m
[35m[W3C][39m Driver proxy active, passing request on via HTTP proxy
[35m[JSONWP Proxy][39m Replacing sessionId b60403aa-b998-45e1-a2bf-d0b6f5261238 with de014aa1-bbd2-43bf-9b7e-be7c836b0980
[35m[HTTP][39m [37m<-- GET /wd/hub/session/de014aa1-bbd2-43bf-9b7e-be7c836b0980/source [39m[32m200[39m [90m172 ms - 7834[39m
[35m[HTTP][39m [90m[39m
[35m[HTTP][39m [37m-->[39m [37mGET[39m [37m/wd/hub/session/de014aa1-bbd2-43bf-9b7e-be7c836b0980/screenshot[39m
[35m[HTTP][39m [90m{}[39m
[35m[HTTP][39m [37m<-- GET /wd/hub/session/de014aa1-bbd2-43bf-9b7e-be7c836b0980/screenshot [39m[32m200[39m [90m362 ms - 196890[39m
[35m[HTTP][39m [90m[39m
[35m[HTTP][39m [37m-->[39m [37mGET[39m [37m/wd/hub/session/de014aa1-bbd2-43bf-9b7e-be7c836b0980/source[39m
[35m[HTTP][39m [90m{}[39m
[35m[W3C][39m Driver proxy active, passing request on via HTTP proxy
[35m[JSONWP Proxy][39m Replacing sessionId b60403aa-b998-45e1-a2bf-d0b6f5261238 with de014aa1-bbd2-43bf-9b7e-be7c836b0980
[35m[HTTP][39m [37m<-- GET /wd/hub/session/de014aa1-bbd2-43bf-9b7e-be7c836b0980/source [39m[32m200[39m [90m374 ms - 13150[39m
[35m[HTTP][39m [90m[39m
[35m[HTTP][39m [37m-->[39m [37mGET[39m [37m/wd/hub/session/de014aa1-bbd2-43bf-9b7e-be7c836b0980/screenshot[39m
[35m[HTTP][39m [90m{}[39m
[35m[HTTP][39m [37m<-- GET /wd/hub/session/de014aa1-bbd2-43bf-9b7e-be7c836b0980/screenshot [39m[32m200[39m [90m334 ms - 247096[39m
[35m[HTTP][39m [90m[39m
[35m[HTTP][39m [37m-->[39m [37mDELETE[39m [37m/wd/hub/session/de014aa1-bbd2-43bf-9b7e-be7c836b0980[39m
[35m[HTTP][39m [90m{}[39m
[35m[Appium][39m Removing session de014aa1-bbd2-43bf-9b7e-be7c836b0980 from our master session list
[35m[HTTP][39m [37m<-- DELETE /wd/hub/session/de014aa1-bbd2-43bf-9b7e-be7c836b0980 [39m[32m200[39m [90m270 ms - 14[39m
[35m[HTTP][39m [90m[39m
